SF:bundle.js
FN:10327,(arrow)
FN:10328,(arrow)
FN:10354,(arrow)
FN:10695,(arrow)
FN:10696,(arrow)
FN:10701,(arrow)
FN:10703,(arrow)
FN:10716,(arrow)
FN:10717,(arrow)
FN:10718,(arrow)
FN:10725,(arrow)
FN:10726,(arrow)
FN:10731,(arrow)
FN:10359,(arrow)
FN:10732,(arrow)
FN:10738,(arrow)
FN:10739,(arrow)
FN:10740,(arrow)
FN:10744,(arrow)
FN:10745,(arrow)
FN:10746,(arrow)
FN:10750,(arrow)
FN:10751,(arrow)
FN:10761,(arrow)
FN:10366,(arrow)
FN:10762,(arrow)
FN:10763,(arrow)
FN:10771,(arrow)
FN:10772,(arrow)
FN:10773,(arrow)
FN:10774,(arrow)
FN:10785,(arrow)
FN:10786,(arrow)
FN:10787,(arrow)
FN:10794,(arrow)
FN:10412,(arrow)
FN:10795,(arrow)
FN:10982,(arrow)
FN:10983,(arrow)
FN:10986,(arrow)
FN:10987,(arrow)
FN:10988,(arrow)
FN:10993,(arrow)
FN:10998,(arrow)
FN:11002,(arrow)
FN:11007,(arrow)
FN:10413,(arrow)
FN:11012,(arrow)
FN:11014,(arrow)
FN:11048,(arrow)
FN:11051,(arrow)
FN:11054,(arrow)
FN:11055,(arrow)
FN:11057,(arrow)
FN:11060,(arrow)
FN:11061,(arrow)
FN:11064,(arrow)
FN:10415,(arrow)
FN:11066,(arrow)
FN:11069,(arrow)
FN:11070,(arrow)
FN:11073,(arrow)
FN:11075,(arrow)
FN:11078,(arrow)
FN:11079,(arrow)
FN:11080,(arrow)
FN:11081,(arrow)
FN:11083,(arrow)
FN:10418,(arrow)
FN:11087,(arrow)
FN:11088,(arrow)
FN:11089,(arrow)
FN:11091,(arrow)
FN:11095,(arrow)
FN:11096,(arrow)
FN:11098,(arrow)
FN:11101,(arrow)
FN:10419,(arrow)
FN:10420,(arrow)
FN:10421,(arrow)
FN:10330,(arrow)
FN:10426,(arrow)
FN:10428,(arrow)
FN:10430,(arrow)
FN:10431,(arrow)
FN:10435,(arrow)
FN:10436,(arrow)
FN:10437,(arrow)
FN:10438,(arrow)
FN:10441,(arrow)
FN:10473,(arrow)
FN:10337,(arrow)
FN:10474,(arrow)
FN:10475,(arrow)
FN:10476,(arrow)
FN:10477,(arrow)
FN:10480,(arrow)
FN:10481,(arrow)
FN:10484,(arrow)
FN:10485,(arrow)
FN:10487,(arrow)
FN:10489,(arrow)
FN:10338,(arrow)
FN:10492,(arrow)
FN:10493,(arrow)
FN:10497,(arrow)
FN:10510,(arrow)
FN:10511,(arrow)
FN:10512,(arrow)
FN:10513,(arrow)
FN:10515,(arrow)
FN:10518,(arrow)
FN:10519,(arrow)
FN:10340,(arrow)
FN:10520,(arrow)
FN:10523,(arrow)
FN:10524,(arrow)
FN:10525,(arrow)
FN:10529,(arrow)
FN:10530,(arrow)
FN:10536,(arrow)
FN:10542,(arrow)
FN:10543,(arrow)
FN:10549,(arrow)
FN:10343,(arrow)
FN:10555,(arrow)
FN:10556,(arrow)
FN:10561,(arrow)
FN:10562,(arrow)
FN:10563,(arrow)
FN:10605,(arrow)
FN:10606,(arrow)
FN:10607,(arrow)
FN:10612,(arrow)
FN:10613,(arrow)
FN:10347,(arrow)
FN:10614,(arrow)
FN:10616,(arrow)
FN:10620,(arrow)
FN:10621,(arrow)
FN:10622,(arrow)
FN:10627,(arrow)
FN:10628,(arrow)
FN:10630,(arrow)
FN:10631,(arrow)
FN:10636,(arrow)
FN:10348,(arrow)
FN:10637,(arrow)
FN:10639,(arrow)
FN:10640,(arrow)
FN:10668,(arrow)
FN:10670,(arrow)
FN:10670,(arrow)
FN:10671,(arrow)
FN:10671,(arrow)
FN:10672,(arrow)
FN:10672,(arrow)
FN:10353,(arrow)
FN:10673,(arrow)
FN:10674,(arrow)
FN:10675,(arrow)
FN:10676,(arrow)
FN:10681,(arrow)
FN:10682,(arrow)
FN:10683,(arrow)
FN:10688,(arrow)
FN:10690,(arrow)
FN:10694,(arrow)
FNDA:0,(arrow)
FNDA:0,(arrow)
FNDA:0,(arrow)
FNDA:0,(arrow)
FNDA:0,(arrow)
FNDA:1,(arrow)
FNDA:0,(arrow)
FNDA:1,(arrow)
FNDA:1,(arrow)
FNDA:0,(arrow)
FNDA:1,(arrow)
FNDA:0,(arrow)
FNDA:1,(arrow)
FNDA:1,(arrow)
FNDA:0,(arrow)
FNDA:1,(arrow)
FNDA:0,(arrow)
FNDA:0,(arrow)
FNDA:1,(arrow)
FNDA:0,(arrow)
FNDA:0,(arrow)
FNDA:1,(arrow)
FNDA:0,(arrow)
FNDA:1,(arrow)
FNDA:1,(arrow)
FNDA:1,(arrow)
FNDA:0,(arrow)
FNDA:1,(arrow)
FNDA:1,(arrow)
FNDA:0,(arrow)
FNDA:0,(arrow)
FNDA:1,(arrow)
FNDA:1,(arrow)
FNDA:1,(arrow)
FNDA:1,(arrow)
FNDA:0,(arrow)
FNDA:1,(arrow)
FNDA:0,(arrow)
FNDA:46,(arrow)
FNDA:1,(arrow)
FNDA:1,(arrow)
FNDA:0,(arrow)
FNDA:1,(arrow)
FNDA:0,(arrow)
FNDA:1,(arrow)
FNDA:0,(arrow)
FNDA:0,(arrow)
FNDA:1,(arrow)
FNDA:0,(arrow)
FNDA:46,(arrow)
FNDA:46,(arrow)
FNDA:1,(arrow)
FNDA:1,(arrow)
FNDA:0,(arrow)
FNDA:0,(arrow)
FNDA:0,(arrow)
FNDA:1,(arrow)
FNDA:46,(arrow)
FNDA:0,(arrow)
FNDA:0,(arrow)
FNDA:0,(arrow)
FNDA:1,(arrow)
FNDA:0,(arrow)
FNDA:0,(arrow)
FNDA:0,(arrow)
FNDA:0,(arrow)
FNDA:0,(arrow)
FNDA:0,(arrow)
FNDA:1,(arrow)
FNDA:1,(arrow)
FNDA:1,(arrow)
FNDA:3,(arrow)
FNDA:0,(arrow)
FNDA:1,(arrow)
FNDA:2,(arrow)
FNDA:0,(arrow)
FNDA:0,(arrow)
FNDA:1,(arrow)
FNDA:0,(arrow)
FNDA:0,(arrow)
FNDA:0,(arrow)
FNDA:1,(arrow)
FNDA:0,(arrow)
FNDA:0,(arrow)
FNDA:0,(arrow)
FNDA:1,(arrow)
FNDA:0,(arrow)
FNDA:0,(arrow)
FNDA:1,(arrow)
FNDA:0,(arrow)
FNDA:1,(arrow)
FNDA:0,(arrow)
FNDA:0,(arrow)
FNDA:0,(arrow)
FNDA:1,(arrow)
FNDA:0,(arrow)
FNDA:1,(arrow)
FNDA:0,(arrow)
FNDA:1,(arrow)
FNDA:0,(arrow)
FNDA:0,(arrow)
FNDA:0,(arrow)
FNDA:0,(arrow)
FNDA:1,(arrow)
FNDA:0,(arrow)
FNDA:1,(arrow)
FNDA:0,(arrow)
FNDA:0,(arrow)
FNDA:0,(arrow)
FNDA:0,(arrow)
FNDA:46,(arrow)
FNDA:1,(arrow)
FNDA:1,(arrow)
FNDA:46,(arrow)
FNDA:0,(arrow)
FNDA:1,(arrow)
FNDA:0,(arrow)
FNDA:0,(arrow)
FNDA:1,(arrow)
FNDA:1,(arrow)
FNDA:0,(arrow)
FNDA:1,(arrow)
FNDA:1,(arrow)
FNDA:0,(arrow)
FNDA:46,(arrow)
FNDA:1,(arrow)
FNDA:1,(arrow)
FNDA:1,(arrow)
FNDA:1,(arrow)
FNDA:0,(arrow)
FNDA:1,(arrow)
FNDA:1,(arrow)
FNDA:0,(arrow)
FNDA:1,(arrow)
FNDA:0,(arrow)
FNDA:1,(arrow)
FNDA:0,(arrow)
FNDA:0,(arrow)
FNDA:1,(arrow)
FNDA:0,(arrow)
FNDA:0,(arrow)
FNDA:1,(arrow)
FNDA:1,(arrow)
FNDA:0,(arrow)
FNDA:0,(arrow)
FNDA:1,(arrow)
FNDA:1,(arrow)
FNDA:0,(arrow)
FNDA:0,(arrow)
FNDA:0,(arrow)
FNDA:1,(arrow)
FNDA:0,(arrow)
FNDA:0,(arrow)
FNDA:0,(arrow)
FNDA:0,(arrow)
FNDA:0,(arrow)
FNDA:0,(arrow)
FNDA:1,(arrow)
FNDA:0,(arrow)
FNDA:0,(arrow)
FNDA:0,(arrow)
FNDA:46,(arrow)
FNDA:1,(arrow)
FNDA:1,(arrow)
FNDA:0,(arrow)
FNDA:1,(arrow)
FNDA:0,(arrow)
FNDA:1,(arrow)
DA:10323,1
DA:10335,1
DA:10336,1
DA:10340,1
DA:10341,46
DA:10343,1
DA:10344,46
DA:10345,46
DA:10347,1
DA:10348,1
DA:10349,1
DA:10350,1
DA:10351,1
DA:10353,1
DA:10354,1
DA:10355,1
DA:10356,1
DA:10357,1
DA:10359,1
DA:10360,1
DA:10363,1
DA:10364,1
DA:10366,1
DA:10367,1
DA:10368,1
DA:10369,1
DA:10409,1
DA:10410,1
DA:10411,1
DA:10415,1
DA:10416,46
DA:10418,1
DA:10419,1
DA:10420,1
DA:10421,1
DA:10422,1
DA:10423,1
DA:10424,1
DA:10426,1
DA:10427,1
DA:10430,1
DA:10431,1
DA:10432,1
DA:10433,1
DA:10435,1
DA:10436,1
DA:10437,1
DA:10438,1
DA:10439,1
DA:10441,1
DA:10442,1
DA:10471,1
DA:10472,1
DA:10473,1
DA:10474,1
DA:10475,1
DA:10476,1
DA:10477,1
DA:10478,1
DA:10480,1
DA:10481,1
DA:10482,1
DA:10484,1
DA:10485,1
DA:10486,1
DA:10487,1
DA:10488,1
DA:10489,1
DA:10490,1
DA:10492,1
DA:10493,1
DA:10494,1
DA:10495,1
DA:10497,1
DA:10498,1
DA:10509,1
DA:10515,1
DA:10516,46
DA:10518,1
DA:10519,1
DA:10520,1
DA:10521,1
DA:10523,1
DA:10524,1
DA:10525,1
DA:10526,1
DA:10529,1
DA:10530,1
DA:10531,1
DA:10538,1
DA:10539,1
DA:10542,1
DA:10543,1
DA:10544,1
DA:10551,1
DA:10552,1
DA:10555,1
DA:10556,1
DA:10557,1
DA:10558,1
DA:10561,1
DA:10562,1
DA:10563,1
DA:10564,1
DA:10565,1
DA:10605,1
DA:10606,1
DA:10607,1
DA:10608,1
DA:10609,1
DA:10610,1
DA:10612,1
DA:10613,1
DA:10614,1
DA:10615,1
DA:10616,1
DA:10617,1
DA:10618,1
DA:10620,1
DA:10621,1
DA:10622,1
DA:10623,1
DA:10627,1
DA:10628,1
DA:10630,1
DA:10631,1
DA:10632,1
DA:10633,1
DA:10634,1
DA:10636,1
DA:10637,1
DA:10639,1
DA:10640,1
DA:10641,1
DA:10642,1
DA:10666,1
DA:10667,1
DA:10668,1
DA:10670,1
DA:10671,1
DA:10672,1
DA:10673,1
DA:10674,1
DA:10675,1
DA:10676,1
DA:10677,46
DA:10678,46
DA:10679,46
DA:10681,1
DA:10682,1
DA:10683,1
DA:10684,1
DA:10685,1
DA:10686,1
DA:10688,1
DA:10689,1
DA:10690,1
DA:10691,1
DA:10692,1
DA:10694,1
DA:10695,1
DA:10696,1
DA:10697,1
DA:10698,1
DA:10699,1
DA:10701,1
DA:10702,1
DA:10703,1
DA:10704,1
DA:10705,1
DA:10716,1
DA:10717,1
DA:10718,1
DA:10719,1
DA:10720,1
DA:10721,1
DA:10722,1
DA:10723,1
DA:10725,1
DA:10726,1
DA:10727,1
DA:10728,1
DA:10729,1
DA:10731,1
DA:10732,1
DA:10733,1
DA:10734,1
DA:10735,1
DA:10736,1
DA:10738,1
DA:10739,1
DA:10740,1
DA:10741,1
DA:10742,1
DA:10744,1
DA:10745,1
DA:10746,1
DA:10747,1
DA:10748,1
DA:10750,1
DA:10751,1
DA:10752,1
DA:10753,1
DA:10754,1
DA:10755,1
DA:10756,1
DA:10757,1
DA:10758,1
DA:10761,1
DA:10762,1
DA:10763,1
DA:10764,1
DA:10765,1
DA:10766,1
DA:10767,1
DA:10768,1
DA:10771,1
DA:10772,1
DA:10773,1
DA:10774,1
DA:10775,1
DA:10776,1
DA:10777,1
DA:10778,1
DA:10779,1
DA:10780,1
DA:10781,1
DA:10782,1
DA:10785,1
DA:10786,1
DA:10787,1
DA:10789,1
DA:10790,1
DA:10791,1
DA:10792,1
DA:10794,1
DA:10795,1
DA:10797,1
DA:10798,1
DA:10982,1
DA:10983,1
DA:10984,46
DA:10986,1
DA:10987,1
DA:10988,1
DA:10989,1
DA:10990,1
DA:10991,1
DA:10993,1
DA:10994,1
DA:10998,1
DA:10999,1
DA:11000,1
DA:11002,1
DA:11003,1
DA:11007,1
DA:11008,1
DA:11009,1
DA:11010,1
DA:11012,1
DA:11013,1
DA:11014,1
DA:11015,1
DA:11016,1
DA:11048,1
DA:11049,46
DA:11051,1
DA:11052,46
DA:11054,1
DA:11055,1
DA:11056,1
DA:11060,1
DA:11061,1
DA:11062,1
DA:11064,1
DA:11065,1
DA:11069,1
DA:11070,1
DA:11071,1
DA:11073,1
DA:11074,1
DA:11078,1
DA:11079,1
DA:11080,1
DA:11081,1
DA:11082,1
DA:11083,1
DA:11084,1
DA:11087,1
DA:11088,1
DA:11089,1
DA:11091,1
DA:11092,1
DA:11093,1
DA:11095,1
DA:11096,1
DA:11098,1
DA:11099,1
DA:11100,1
DA:11101,1
DA:11102,1
DA:11103,1
end_of_record
